# JRE version: OpenJDK Runtime Environment (8.0_202-b03) (build 1.8.0_202-release-1483-b03)
# Java VM: OpenJDK 64-Bit Server VM (25.202-b03 mixed mode windows-amd64 compressed oops)
Heap:
 PSYoungGen      total 11776K, used 4220K [0x00000000f5b00000, 0x00000000f6a00000, 0x0000000100000000)
  eden space 8192K, 49% used [0x00000000f5b00000,0x00000000f5eff310,0x00000000f6300000)
  from space 3584K, 3% used [0x00000000f6300000,0x00000000f6320000,0x00000000f6680000)
  to   space 3584K, 0% used [0x00000000f6680000,0x00000000f6680000,0x00000000f6a00000)
 ParOldGen       total 22016K, used 8859K [0x00000000e1000000, 0x00000000e2580000, 0x00000000f5b00000)
  object space 22016K, 40% used [0x00000000e1000000,0x00000000e18a6cd0,0x00000000e2580000)
 Metaspace       used 8555K, capacity 8780K, committed 8960K, reserved 1056768K
  class space    used 897K, capacity 984K, committed 1024K, reserved 1048576K
GC Heap History (10 events):
Event: 14.914 GC heap before
{Heap before GC invocations=9 (full 0):
 PSYoungGen      total 11776K, used 10244K [0x00000000f5b00000, 0x00000000f6980000, 0x0000000100000000)
  eden space 8704K, 100% used [0x00000000f5b00000,0x00000000f6380000,0x00000000f6380000)
  from space 3072K, 50% used [0x00000000f6680000,0x00000000f6801100,0x00000000f6980000)
  to   space 3072K, 0% used [0x00000000f6380000,0x00000000f6380000,0x00000000f6680000)
 ParOldGen       total 22016K, used 6166K [0x00000000e1000000, 0x00000000e2580000, 0x00000000f5b00000)
  object space 22016K, 28% used [0x00000000e1000000,0x00000000e1605ab8,0x00000000e2580000)
 Metaspace       used 8348K, capacity 8588K, committed 8704K, reserved 1056768K
  class space    used 895K, capacity 984K, committed 1024K, reserved 1048576K
Event: 14.922 GC heap after
Heap after GC invocations=9 (full 0):
 PSYoungGen      total 11776K, used 1779K [0x00000000f5b00000, 0x00000000f6980000, 0x0000000100000000)
  eden space 8704K, 0% used [0x00000000f5b00000,0x00000000f5b00000,0x00000000f6380000)
  from space 3072K, 57% used [0x00000000f6380000,0x00000000f653cc20,0x00000000f6680000)
  to   space 3072K, 0% used [0x00000000f6680000,0x00000000f6680000,0x00000000f6980000)
 ParOldGen       total 22016K, used 6542K [0x00000000e1000000, 0x00000000e2580000, 0x00000000f5b00000)
  object space 22016K, 29% used [0x00000000e1000000,0x00000000e1663ac8,0x00000000e2580000)
 Metaspace       used 8348K, capacity 8588K, committed 8704K, reserved 1056768K
  class space    used 895K, capacity 984K, committed 1024K, reserved 1048576K
}
Event: 15.426 GC heap before
{Heap before GC invocations=10 (full 0):
 PSYoungGen      total 11776K, used 10483K [0x00000000f5b00000, 0x00000000f6980000, 0x0000000100000000)
  eden space 8704K, 100% used [0x00000000f5b00000,0x00000000f6380000,0x00000000f6380000)
  from space 3072K, 57% used [0x00000000f6380000,0x00000000f653cc20,0x00000000f6680000)
  to   space 3072K, 0% used [0x00000000f6680000,0x00000000f6680000,0x00000000f6980000)
 ParOldGen       total 22016K, used 6542K [0x00000000e1000000, 0x00000000e2580000, 0x00000000f5b00000)
  object space 22016K, 29% used [0x00000000e1000000,0x00000000e1663ac8,0x00000000e2580000)
 Metaspace       used 8399K, capacity 8652K, committed 8704K, reserved 1056768K
  class space    used 895K, capacity 984K, committed 1024K, reserved 1048576K
Event: 15.433 GC heap after
Heap after GC invocations=10 (full 0):
 PSYoungGen      total 11776K, used 928K [0x00000000f5b00000, 0x00000000f6f00000, 0x0000000100000000)
  eden space 8704K, 0% used [0x00000000f5b00000,0x00000000f5b00000,0x00000000f6380000)
  from space 3072K, 30% used [0x00000000f6680000,0x00000000f6768000,0x00000000f6980000)
  to   space 3072K, 0% used [0x00000000f6380000,0x00000000f6380000,0x00000000f6680000)
 ParOldGen       total 22016K, used 7543K [0x00000000e1000000, 0x00000000e2580000, 0x00000000f5b00000)
  object space 22016K, 34% used [0x00000000e1000000,0x00000000e175df18,0x00000000e2580000)
 Metaspace       used 8399K, capacity 8652K, committed 8704K, reserved 1056768K
  class space    used 895K, capacity 984K, committed 1024K, reserved 1048576K
}
Event: 16.010 GC heap before
{Heap before GC invocations=11 (full 0):
 PSYoungGen      total 11776K, used 9632K [0x00000000f5b00000, 0x00000000f6f00000, 0x0000000100000000)
  eden space 8704K, 100% used [0x00000000f5b00000,0x00000000f6380000,0x00000000f6380000)
  from space 3072K, 30% used [0x00000000f6680000,0x00000000f6768000,0x00000000f6980000)
  to   space 3072K, 0% used [0x00000000f6380000,0x00000000f6380000,0x00000000f6680000)
 ParOldGen       total 22016K, used 7543K [0x00000000e1000000, 0x00000000e2580000, 0x00000000f5b00000)
  object space 22016K, 34% used [0x00000000e1000000,0x00000000e175df18,0x00000000e2580000)
 Metaspace       used 8507K, capacity 8780K, committed 8960K, reserved 1056768K
  class space    used 897K, capacity 984K, committed 1024K, reserved 1048576K
Event: 16.014 GC heap after
Heap after GC invocations=11 (full 0):
 PSYoungGen      total 11776K, used 356K [0x00000000f5b00000, 0x00000000f6980000, 0x0000000100000000)
  eden space 8704K, 0% used [0x00000000f5b00000,0x00000000f5b00000,0x00000000f6380000)
  from space 3072K, 11% used [0x00000000f6380000,0x00000000f63d9350,0x00000000f6680000)
  to   space 3072K, 0% used [0x00000000f6680000,0x00000000f6680000,0x00000000f6980000)
 ParOldGen       total 22016K, used 8392K [0x00000000e1000000, 0x00000000e2580000, 0x00000000f5b00000)
  object space 22016K, 38% used [0x00000000e1000000,0x00000000e18322e0,0x00000000e2580000)
 Metaspace       used 8507K, capacity 8780K, committed 8960K, reserved 1056768K
  class space    used 897K, capacity 984K, committed 1024K, reserved 1048576K
}
Event: 16.402 GC heap before
{Heap before GC invocations=12 (full 0):
 PSYoungGen      total 11776K, used 9060K [0x00000000f5b00000, 0x00000000f6980000, 0x0000000100000000)
  eden space 8704K, 100% used [0x00000000f5b00000,0x00000000f6380000,0x00000000f6380000)
  from space 3072K, 11% used [0x00000000f6380000,0x00000000f63d9350,0x00000000f6680000)
  to   space 3072K, 0% used [0x00000000f6680000,0x00000000f6680000,0x00000000f6980000)
 ParOldGen       total 22016K, used 8392K [0x00000000e1000000, 0x00000000e2580000, 0x00000000f5b00000)
  object space 22016K, 38% used [0x00000000e1000000,0x00000000e18322e0,0x00000000e2580000)
 Metaspace       used 8540K, capacity 8780K, committed 8960K, reserved 1056768K
  class space    used 897K, capacity 984K, committed 1024K, reserved 1048576K
Event: 16.405 GC heap after
Heap after GC invocations=12 (full 0):
 PSYoungGen      total 11264K, used 256K [0x00000000f5b00000, 0x00000000f6a80000, 0x0000000100000000)
  eden space 8192K, 0% used [0x00000000f5b00000,0x00000000f5b00000,0x00000000f6300000)
  from space 3072K, 8% used [0x00000000f6680000,0x00000000f66c0000,0x00000000f6980000)
  to   space 3584K, 0% used [0x00000000f6300000,0x00000000f6300000,0x00000000f6680000)
 ParOldGen       total 22016K, used 8666K [0x00000000e1000000, 0x00000000e2580000, 0x00000000f5b00000)
  object space 22016K, 39% used [0x00000000e1000000,0x00000000e1876860,0x00000000e2580000)
 Metaspace       used 8540K, capacity 8780K, committed 8960K, reserved 1056768K
  class space    used 897K, capacity 984K, committed 1024K, reserved 1048576K
}
Event: 16.889 GC heap before
{Heap before GC invocations=13 (full 0):
 PSYoungGen      total 11264K, used 8448K [0x00000000f5b00000, 0x00000000f6a80000, 0x0000000100000000)
  eden space 8192K, 100% used [0x00000000f5b00000,0x00000000f6300000,0x00000000f6300000)
  from space 3072K, 8% used [0x00000000f6680000,0x00000000f66c0000,0x00000000f6980000)
  to   space 3584K, 0% used [0x00000000f6300000,0x00000000f6300000,0x00000000f6680000)
 ParOldGen       total 22016K, used 8666K [0x00000000e1000000, 0x00000000e2580000, 0x00000000f5b00000)
  object space 22016K, 39% used [0x00000000e1000000,0x00000000e1876860,0x00000000e2580000)
 Metaspace       used 8555K, capacity 8780K, committed 8960K, reserved 1056768K
  class space    used 897K, capacity 984K, committed 1024K, reserved 1048576K
Event: 16.892 GC heap after
Heap after GC invocations=13 (full 0):
 PSYoungGen      total 11776K, used 128K [0x00000000f5b00000, 0x00000000f6a00000, 0x0000000100000000)
  eden space 8192K, 0% used [0x00000000f5b00000,0x00000000f5b00000,0x00000000f6300000)
  from space 3584K, 3% used [0x00000000f6300000,0x00000000f6320000,0x00000000f6680000)
  to   space 3584K, 0% used [0x00000000f6680000,0x00000000f6680000,0x00000000f6a00000)
 ParOldGen       total 22016K, used 8859K [0x00000000e1000000, 0x00000000e2580000, 0x00000000f5b00000)
  object space 22016K, 40% used [0x00000000e1000000,0x00000000e18a6cd0,0x00000000e2580000)
 Metaspace       used 8555K, capacity 8780K, committed 8960K, reserved 1056768K
  class space    used 897K, capacity 984K, committed 1024K, reserved 1048576K
}

