# JRE version: OpenJDK Runtime Environment (8.0_202-b03) (build 1.8.0_202-release-1483-b03)
# Java VM: OpenJDK 64-Bit Server VM (25.202-b03 mixed mode windows-amd64 compressed oops)
Heap:
 PSYoungGen      total 31744K, used 19033K [0x00000000f5b00000, 0x00000000f7d80000, 0x0000000100000000)
  eden space 28160K, 65% used [0x00000000f5b00000,0x00000000f6cfd340,0x00000000f7680000)
  from space 3584K, 17% used [0x00000000f7a00000,0x00000000f7a99350,0x00000000f7d80000)
  to   space 3584K, 0% used [0x00000000f7680000,0x00000000f7680000,0x00000000f7a00000)
 ParOldGen       total 22016K, used 8362K [0x00000000e1000000, 0x00000000e2580000, 0x00000000f5b00000)
  object space 22016K, 37% used [0x00000000e1000000,0x00000000e182aaa8,0x00000000e2580000)
 Metaspace       used 8497K, capacity 8716K, committed 8960K, reserved 1056768K
  class space    used 890K, capacity 984K, committed 1024K, reserved 1048576K
GC Heap History (10 events):
Event: 19.592 GC heap before
{Heap before GC invocations=5 (full 0):
 PSYoungGen      total 9728K, used 9721K [0x00000000f5b00000, 0x00000000f6580000, 0x0000000100000000)
  eden space 8704K, 100% used [0x00000000f5b00000,0x00000000f6380000,0x00000000f6380000)
  from space 1024K, 99% used [0x00000000f6480000,0x00000000f657e578,0x00000000f6580000)
  to   space 1024K, 0% used [0x00000000f6380000,0x00000000f6380000,0x00000000f6480000)
 ParOldGen       total 22016K, used 4184K [0x00000000e1000000, 0x00000000e2580000, 0x00000000f5b00000)
  object space 22016K, 19% used [0x00000000e1000000,0x00000000e1416140,0x00000000e2580000)
 Metaspace       used 7909K, capacity 8140K, committed 8192K, reserved 1056768K
  class space    used 879K, capacity 984K, committed 1024K, reserved 1048576K
Event: 19.621 GC heap after
Heap after GC invocations=5 (full 0):
 PSYoungGen      total 9728K, used 1024K [0x00000000f5b00000, 0x00000000f7200000, 0x0000000100000000)
  eden space 8704K, 0% used [0x00000000f5b00000,0x00000000f5b00000,0x00000000f6380000)
  from space 1024K, 100% used [0x00000000f6380000,0x00000000f6480000,0x00000000f6480000)
  to   space 3072K, 0% used [0x00000000f6f00000,0x00000000f6f00000,0x00000000f7200000)
 ParOldGen       total 22016K, used 4656K [0x00000000e1000000, 0x00000000e2580000, 0x00000000f5b00000)
  object space 22016K, 21% used [0x00000000e1000000,0x00000000e148c188,0x00000000e2580000)
 Metaspace       used 7909K, capacity 8140K, committed 8192K, reserved 1056768K
  class space    used 879K, capacity 984K, committed 1024K, reserved 1048576K
}
Event: 21.432 GC heap before
{Heap before GC invocations=6 (full 0):
 PSYoungGen      total 9728K, used 9728K [0x00000000f5b00000, 0x00000000f7200000, 0x0000000100000000)
  eden space 8704K, 100% used [0x00000000f5b00000,0x00000000f6380000,0x00000000f6380000)
  from space 1024K, 100% used [0x00000000f6380000,0x00000000f6480000,0x00000000f6480000)
  to   space 3072K, 0% used [0x00000000f6f00000,0x00000000f6f00000,0x00000000f7200000)
 ParOldGen       total 22016K, used 4656K [0x00000000e1000000, 0x00000000e2580000, 0x00000000f5b00000)
  object space 22016K, 21% used [0x00000000e1000000,0x00000000e148c188,0x00000000e2580000)
 Metaspace       used 8065K, capacity 8332K, committed 8448K, reserved 1056768K
  class space    used 884K, capacity 984K, committed 1024K, reserved 1048576K
Event: 21.446 GC heap after
Heap after GC invocations=6 (full 0):
 PSYoungGen      total 20480K, used 2122K [0x00000000f5b00000, 0x00000000f7200000, 0x0000000100000000)
  eden space 17408K, 0% used [0x00000000f5b00000,0x00000000f5b00000,0x00000000f6c00000)
  from space 3072K, 69% used [0x00000000f6f00000,0x00000000f7112b48,0x00000000f7200000)
  to   space 3072K, 0% used [0x00000000f6c00000,0x00000000f6c00000,0x00000000f6f00000)
 ParOldGen       total 22016K, used 4664K [0x00000000e1000000, 0x00000000e2580000, 0x00000000f5b00000)
  object space 22016K, 21% used [0x00000000e1000000,0x00000000e148e188,0x00000000e2580000)
 Metaspace       used 8065K, capacity 8332K, committed 8448K, reserved 1056768K
  class space    used 884K, capacity 984K, committed 1024K, reserved 1048576K
}
Event: 24.637 GC heap before
{Heap before GC invocations=7 (full 0):
 PSYoungGen      total 20480K, used 19530K [0x00000000f5b00000, 0x00000000f7200000, 0x0000000100000000)
  eden space 17408K, 100% used [0x00000000f5b00000,0x00000000f6c00000,0x00000000f6c00000)
  from space 3072K, 69% used [0x00000000f6f00000,0x00000000f7112b48,0x00000000f7200000)
  to   space 3072K, 0% used [0x00000000f6c00000,0x00000000f6c00000,0x00000000f6f00000)
 ParOldGen       total 22016K, used 4664K [0x00000000e1000000, 0x00000000e2580000, 0x00000000f5b00000)
  object space 22016K, 21% used [0x00000000e1000000,0x00000000e148e188,0x00000000e2580000)
 Metaspace       used 8270K, capacity 8460K, committed 8704K, reserved 1056768K
  class space    used 887K, capacity 984K, committed 1024K, reserved 1048576K
Event: 24.839 GC heap after
Heap after GC invocations=7 (full 0):
 PSYoungGen      total 20480K, used 2384K [0x00000000f5b00000, 0x00000000f7200000, 0x0000000100000000)
  eden space 17408K, 0% used [0x00000000f5b00000,0x00000000f5b00000,0x00000000f6c00000)
  from space 3072K, 77% used [0x00000000f6c00000,0x00000000f6e541f8,0x00000000f6f00000)
  to   space 3072K, 0% used [0x00000000f6f00000,0x00000000f6f00000,0x00000000f7200000)
 ParOldGen       total 22016K, used 5357K [0x00000000e1000000, 0x00000000e2580000, 0x00000000f5b00000)
  object space 22016K, 24% used [0x00000000e1000000,0x00000000e153b710,0x00000000e2580000)
 Metaspace       used 8270K, capacity 8460K, committed 8704K, reserved 1056768K
  class space    used 887K, capacity 984K, committed 1024K, reserved 1048576K
}
Event: 30.967 GC heap before
{Heap before GC invocations=8 (full 0):
 PSYoungGen      total 20480K, used 19792K [0x00000000f5b00000, 0x00000000f7200000, 0x0000000100000000)
  eden space 17408K, 100% used [0x00000000f5b00000,0x00000000f6c00000,0x00000000f6c00000)
  from space 3072K, 77% used [0x00000000f6c00000,0x00000000f6e541f8,0x00000000f6f00000)
  to   space 3072K, 0% used [0x00000000f6f00000,0x00000000f6f00000,0x00000000f7200000)
 ParOldGen       total 22016K, used 5357K [0x00000000e1000000, 0x00000000e2580000, 0x00000000f5b00000)
  object space 22016K, 24% used [0x00000000e1000000,0x00000000e153b710,0x00000000e2580000)
 Metaspace       used 8348K, capacity 8524K, committed 8704K, reserved 1056768K
  class space    used 887K, capacity 984K, committed 1024K, reserved 1048576K
Event: 30.983 GC heap after
Heap after GC invocations=8 (full 0):
 PSYoungGen      total 20480K, used 2990K [0x00000000f5b00000, 0x00000000f7200000, 0x0000000100000000)
  eden space 17408K, 0% used [0x00000000f5b00000,0x00000000f5b00000,0x00000000f6c00000)
  from space 3072K, 97% used [0x00000000f6f00000,0x00000000f71ebb78,0x00000000f7200000)
  to   space 3072K, 0% used [0x00000000f6c00000,0x00000000f6c00000,0x00000000f6f00000)
 ParOldGen       total 22016K, used 5593K [0x00000000e1000000, 0x00000000e2580000, 0x00000000f5b00000)
  object space 22016K, 25% used [0x00000000e1000000,0x00000000e1576720,0x00000000e2580000)
 Metaspace       used 8348K, capacity 8524K, committed 8704K, reserved 1056768K
  class space    used 887K, capacity 984K, committed 1024K, reserved 1048576K
}
Event: 34.951 GC heap before
{Heap before GC invocations=9 (full 0):
 PSYoungGen      total 20480K, used 20398K [0x00000000f5b00000, 0x00000000f7200000, 0x0000000100000000)
  eden space 17408K, 100% used [0x00000000f5b00000,0x00000000f6c00000,0x00000000f6c00000)
  from space 3072K, 97% used [0x00000000f6f00000,0x00000000f71ebb78,0x00000000f7200000)
  to   space 3072K, 0% used [0x00000000f6c00000,0x00000000f6c00000,0x00000000f6f00000)
 ParOldGen       total 22016K, used 5593K [0x00000000e1000000, 0x00000000e2580000, 0x00000000f5b00000)
  object space 22016K, 25% used [0x00000000e1000000,0x00000000e1576720,0x00000000e2580000)
 Metaspace       used 8484K, capacity 8716K, committed 8960K, reserved 1056768K
  class space    used 890K, capacity 984K, committed 1024K, reserved 1048576K
Event: 34.966 GC heap after
Heap after GC invocations=9 (full 0):
 PSYoungGen      total 20480K, used 2366K [0x00000000f5b00000, 0x00000000f7d80000, 0x0000000100000000)
  eden space 17408K, 0% used [0x00000000f5b00000,0x00000000f5b00000,0x00000000f6c00000)
  from space 3072K, 77% used [0x00000000f6c00000,0x00000000f6e4f808,0x00000000f6f00000)
  to   space 3584K, 0% used [0x00000000f7a00000,0x00000000f7a00000,0x00000000f7d80000)
 ParOldGen       total 22016K, used 6524K [0x00000000e1000000, 0x00000000e2580000, 0x00000000f5b00000)
  object space 22016K, 29% used [0x00000000e1000000,0x00000000e165f218,0x00000000e2580000)
 Metaspace       used 8484K, capacity 8716K, committed 8960K, reserved 1056768K
  class space    used 890K, capacity 984K, committed 1024K, reserved 1048576K
}

