# JRE version: OpenJDK Runtime Environment (8.0_202-b03) (build 1.8.0_202-release-1483-b03)
# Java VM: OpenJDK 64-Bit Server VM (25.202-b03 mixed mode windows-amd64 compressed oops)
Heap:
 PSYoungGen      total 76288K, used 40877K [0x00000000f5b00000, 0x00000000fbf00000, 0x0000000100000000)
  eden space 61952K, 65% used [0x00000000f5b00000,0x00000000f82eb4f8,0x00000000f9780000)
  from space 14336K, 0% used [0x00000000f9780000,0x00000000f9780000,0x00000000fa580000)
  to   space 14336K, 0% used [0x00000000fb100000,0x00000000fb100000,0x00000000fbf00000)
 ParOldGen       total 32768K, used 21188K [0x00000000e1000000, 0x00000000e3000000, 0x00000000f5b00000)
  object space 32768K, 64% used [0x00000000e1000000,0x00000000e24b1118,0x00000000e3000000)
 Metaspace       used 21194K, capacity 21540K, committed 21760K, reserved 1069056K
  class space    used 2835K, capacity 2954K, committed 3072K, reserved 1048576K
GC Heap History (10 events):
Event: 96.310 GC heap before
{Heap before GC invocations=33 (full 1):
 PSYoungGen      total 64512K, used 62116K [0x00000000f5b00000, 0x00000000fab00000, 0x0000000100000000)
  eden space 53760K, 100% used [0x00000000f5b00000,0x00000000f8f80000,0x00000000f8f80000)
  from space 10752K, 77% used [0x00000000f8f80000,0x00000000f97a9128,0x00000000f9a00000)
  to   space 11776K, 0% used [0x00000000f9f80000,0x00000000f9f80000,0x00000000fab00000)
 ParOldGen       total 32768K, used 17211K [0x00000000e1000000, 0x00000000e3000000, 0x00000000f5b00000)
  object space 32768K, 52% used [0x00000000e1000000,0x00000000e20cef60,0x00000000e3000000)
 Metaspace       used 18073K, capacity 18372K, committed 18560K, reserved 1064960K
  class space    used 2316K, capacity 2426K, committed 2432K, reserved 1048576K
Event: 96.328 GC heap after
Heap after GC invocations=33 (full 1):
 PSYoungGen      total 69632K, used 8272K [0x00000000f5b00000, 0x00000000fac80000, 0x0000000100000000)
  eden space 57856K, 0% used [0x00000000f5b00000,0x00000000f5b00000,0x00000000f9380000)
  from space 11776K, 70% used [0x00000000f9f80000,0x00000000fa794010,0x00000000fab00000)
  to   space 12288K, 0% used [0x00000000f9380000,0x00000000f9380000,0x00000000f9f80000)
 ParOldGen       total 32768K, used 17219K [0x00000000e1000000, 0x00000000e3000000, 0x00000000f5b00000)
  object space 32768K, 52% used [0x00000000e1000000,0x00000000e20d0f60,0x00000000e3000000)
 Metaspace       used 18073K, capacity 18372K, committed 18560K, reserved 1064960K
  class space    used 2316K, capacity 2426K, committed 2432K, reserved 1048576K
}
Event: 97.585 GC heap before
{Heap before GC invocations=34 (full 1):
 PSYoungGen      total 69632K, used 66128K [0x00000000f5b00000, 0x00000000fac80000, 0x0000000100000000)
  eden space 57856K, 100% used [0x00000000f5b00000,0x00000000f9380000,0x00000000f9380000)
  from space 11776K, 70% used [0x00000000f9f80000,0x00000000fa794010,0x00000000fab00000)
  to   space 12288K, 0% used [0x00000000f9380000,0x00000000f9380000,0x00000000f9f80000)
 ParOldGen       total 32768K, used 17219K [0x00000000e1000000, 0x00000000e3000000, 0x00000000f5b00000)
  object space 32768K, 52% used [0x00000000e1000000,0x00000000e20d0f60,0x00000000e3000000)
 Metaspace       used 19246K, capacity 19588K, committed 19840K, reserved 1067008K
  class space    used 2555K, capacity 2666K, committed 2688K, reserved 1048576K
Event: 97.603 GC heap after
Heap after GC invocations=34 (full 1):
 PSYoungGen      total 70144K, used 8928K [0x00000000f5b00000, 0x00000000fb280000, 0x0000000100000000)
  eden space 57856K, 0% used [0x00000000f5b00000,0x00000000f5b00000,0x00000000f9380000)
  from space 12288K, 72% used [0x00000000f9380000,0x00000000f9c38020,0x00000000f9f80000)
  to   space 13312K, 0% used [0x00000000fa580000,0x00000000fa580000,0x00000000fb280000)
 ParOldGen       total 32768K, used 17227K [0x00000000e1000000, 0x00000000e3000000, 0x00000000f5b00000)
  object space 32768K, 52% used [0x00000000e1000000,0x00000000e20d2f60,0x00000000e3000000)
 Metaspace       used 19246K, capacity 19588K, committed 19840K, reserved 1067008K
  class space    used 2555K, capacity 2666K, committed 2688K, reserved 1048576K
}
Event: 98.653 GC heap before
{Heap before GC invocations=35 (full 1):
 PSYoungGen      total 70144K, used 66784K [0x00000000f5b00000, 0x00000000fb280000, 0x0000000100000000)
  eden space 57856K, 100% used [0x00000000f5b00000,0x00000000f9380000,0x00000000f9380000)
  from space 12288K, 72% used [0x00000000f9380000,0x00000000f9c38020,0x00000000f9f80000)
  to   space 13312K, 0% used [0x00000000fa580000,0x00000000fa580000,0x00000000fb280000)
 ParOldGen       total 32768K, used 17227K [0x00000000e1000000, 0x00000000e3000000, 0x00000000f5b00000)
  object space 32768K, 52% used [0x00000000e1000000,0x00000000e20d2f60,0x00000000e3000000)
 Metaspace       used 20640K, capacity 20996K, committed 21120K, reserved 1067008K
  class space    used 2798K, capacity 2922K, committed 2944K, reserved 1048576K
Event: 98.675 GC heap after
Heap after GC invocations=35 (full 1):
 PSYoungGen      total 75264K, used 9892K [0x00000000f5b00000, 0x00000000fb500000, 0x0000000100000000)
  eden space 61952K, 0% used [0x00000000f5b00000,0x00000000f5b00000,0x00000000f9780000)
  from space 13312K, 74% used [0x00000000fa580000,0x00000000faf29180,0x00000000fb280000)
  to   space 14336K, 0% used [0x00000000f9780000,0x00000000f9780000,0x00000000fa580000)
 ParOldGen       total 32768K, used 17235K [0x00000000e1000000, 0x00000000e3000000, 0x00000000f5b00000)
  object space 32768K, 52% used [0x00000000e1000000,0x00000000e20d4f60,0x00000000e3000000)
 Metaspace       used 20640K, capacity 20996K, committed 21120K, reserved 1067008K
  class space    used 2798K, capacity 2922K, committed 2944K, reserved 1048576K
}
Event: 98.730 GC heap before
{Heap before GC invocations=36 (full 1):
 PSYoungGen      total 75264K, used 13608K [0x00000000f5b00000, 0x00000000fb500000, 0x0000000100000000)
  eden space 61952K, 5% used [0x00000000f5b00000,0x00000000f5ea1138,0x00000000f9780000)
  from space 13312K, 74% used [0x00000000fa580000,0x00000000faf29180,0x00000000fb280000)
  to   space 14336K, 0% used [0x00000000f9780000,0x00000000f9780000,0x00000000fa580000)
 ParOldGen       total 32768K, used 17235K [0x00000000e1000000, 0x00000000e3000000, 0x00000000f5b00000)
  object space 32768K, 52% used [0x00000000e1000000,0x00000000e20d4f60,0x00000000e3000000)
 Metaspace       used 20721K, capacity 21060K, committed 21296K, reserved 1067008K
  class space    used 2810K, capacity 2922K, committed 2944K, reserved 1048576K
Event: 98.746 GC heap after
Heap after GC invocations=36 (full 1):
 PSYoungGen      total 76288K, used 8432K [0x00000000f5b00000, 0x00000000fbf00000, 0x0000000100000000)
  eden space 61952K, 0% used [0x00000000f5b00000,0x00000000f5b00000,0x00000000f9780000)
  from space 14336K, 58% used [0x00000000f9780000,0x00000000f9fbc030,0x00000000fa580000)
  to   space 14336K, 0% used [0x00000000fb100000,0x00000000fb100000,0x00000000fbf00000)
 ParOldGen       total 32768K, used 17243K [0x00000000e1000000, 0x00000000e3000000, 0x00000000f5b00000)
  object space 32768K, 52% used [0x00000000e1000000,0x00000000e20d6f60,0x00000000e3000000)
 Metaspace       used 20721K, capacity 21060K, committed 21296K, reserved 1067008K
  class space    used 2810K, capacity 2922K, committed 2944K, reserved 1048576K
}
Event: 98.746 GC heap before
{Heap before GC invocations=37 (full 2):
 PSYoungGen      total 76288K, used 8432K [0x00000000f5b00000, 0x00000000fbf00000, 0x0000000100000000)
  eden space 61952K, 0% used [0x00000000f5b00000,0x00000000f5b00000,0x00000000f9780000)
  from space 14336K, 58% used [0x00000000f9780000,0x00000000f9fbc030,0x00000000fa580000)
  to   space 14336K, 0% used [0x00000000fb100000,0x00000000fb100000,0x00000000fbf00000)
 ParOldGen       total 32768K, used 17243K [0x00000000e1000000, 0x00000000e3000000, 0x00000000f5b00000)
  object space 32768K, 52% used [0x00000000e1000000,0x00000000e20d6f60,0x00000000e3000000)
 Metaspace       used 20721K, capacity 21060K, committed 21296K, reserved 1067008K
  class space    used 2810K, capacity 2922K, committed 2944K, reserved 1048576K
Event: 99.042 GC heap after
Heap after GC invocations=37 (full 2):
 PSYoungGen      total 76288K, used 0K [0x00000000f5b00000, 0x00000000fbf00000, 0x0000000100000000)
  eden space 61952K, 0% used [0x00000000f5b00000,0x00000000f5b00000,0x00000000f9780000)
  from space 14336K, 0% used [0x00000000f9780000,0x00000000f9780000,0x00000000fa580000)
  to   space 14336K, 0% used [0x00000000fb100000,0x00000000fb100000,0x00000000fbf00000)
 ParOldGen       total 32768K, used 21188K [0x00000000e1000000, 0x00000000e3000000, 0x00000000f5b00000)
  object space 32768K, 64% used [0x00000000e1000000,0x00000000e24b1118,0x00000000e3000000)
 Metaspace       used 20706K, capacity 21036K, committed 21296K, reserved 1067008K
  class space    used 2808K, capacity 2918K, committed 2944K, reserved 1048576K
}

