# JRE version: OpenJDK Runtime Environment (8.0_202-b03) (build 1.8.0_202-release-1483-b03)
# Java VM: OpenJDK 64-Bit Server VM (25.202-b03 mixed mode windows-amd64 compressed oops)
Heap:
 PSYoungGen      total 17920K, used 2216K [0x00000000f5b00000, 0x00000000f7000000, 0x0000000100000000)
  eden space 15360K, 8% used [0x00000000f5b00000,0x00000000f5c336a0,0x00000000f6a00000)
  from space 2560K, 38% used [0x00000000f6d80000,0x00000000f6e76d48,0x00000000f7000000)
  to   space 3072K, 0% used [0x00000000f6a00000,0x00000000f6a00000,0x00000000f6d00000)
 ParOldGen       total 22016K, used 9547K [0x00000000e1000000, 0x00000000e2580000, 0x00000000f5b00000)
  object space 22016K, 43% used [0x00000000e1000000,0x00000000e1952fe8,0x00000000e2580000)
 Metaspace       used 8861K, capacity 9132K, committed 9216K, reserved 1056768K
  class space    used 924K, capacity 1016K, committed 1024K, reserved 1048576K
GC Heap History (10 events):
Event: 19.537 GC heap before
{Heap before GC invocations=9 (full 0):
 PSYoungGen      total 20480K, used 19511K [0x00000000f5b00000, 0x00000000f7200000, 0x0000000100000000)
  eden space 17408K, 100% used [0x00000000f5b00000,0x00000000f6c00000,0x00000000f6c00000)
  from space 3072K, 68% used [0x00000000f6f00000,0x00000000f710dd20,0x00000000f7200000)
  to   space 3072K, 0% used [0x00000000f6c00000,0x00000000f6c00000,0x00000000f6f00000)
 ParOldGen       total 22016K, used 5693K [0x00000000e1000000, 0x00000000e2580000, 0x00000000f5b00000)
  object space 22016K, 25% used [0x00000000e1000000,0x00000000e158f598,0x00000000e2580000)
 Metaspace       used 8322K, capacity 8524K, committed 8704K, reserved 1056768K
  class space    used 883K, capacity 984K, committed 1024K, reserved 1048576K
Event: 19.546 GC heap after
Heap after GC invocations=9 (full 0):
 PSYoungGen      total 20480K, used 1927K [0x00000000f5b00000, 0x00000000f7200000, 0x0000000100000000)
  eden space 17408K, 0% used [0x00000000f5b00000,0x00000000f5b00000,0x00000000f6c00000)
  from space 3072K, 62% used [0x00000000f6c00000,0x00000000f6de1fc8,0x00000000f6f00000)
  to   space 3072K, 0% used [0x00000000f6f00000,0x00000000f6f00000,0x00000000f7200000)
 ParOldGen       total 22016K, used 6201K [0x00000000e1000000, 0x00000000e2580000, 0x00000000f5b00000)
  object space 22016K, 28% used [0x00000000e1000000,0x00000000e160e5b8,0x00000000e2580000)
 Metaspace       used 8322K, capacity 8524K, committed 8704K, reserved 1056768K
  class space    used 883K, capacity 984K, committed 1024K, reserved 1048576K
}
Event: 20.257 GC heap before
{Heap before GC invocations=10 (full 0):
 PSYoungGen      total 20480K, used 19335K [0x00000000f5b00000, 0x00000000f7200000, 0x0000000100000000)
  eden space 17408K, 100% used [0x00000000f5b00000,0x00000000f6c00000,0x00000000f6c00000)
  from space 3072K, 62% used [0x00000000f6c00000,0x00000000f6de1fc8,0x00000000f6f00000)
  to   space 3072K, 0% used [0x00000000f6f00000,0x00000000f6f00000,0x00000000f7200000)
 ParOldGen       total 22016K, used 6201K [0x00000000e1000000, 0x00000000e2580000, 0x00000000f5b00000)
  object space 22016K, 28% used [0x00000000e1000000,0x00000000e160e5b8,0x00000000e2580000)
 Metaspace       used 8461K, capacity 8716K, committed 8960K, reserved 1056768K
  class space    used 886K, capacity 984K, committed 1024K, reserved 1048576K
Event: 20.266 GC heap after
Heap after GC invocations=10 (full 0):
 PSYoungGen      total 20480K, used 932K [0x00000000f5b00000, 0x00000000f7200000, 0x0000000100000000)
  eden space 17408K, 0% used [0x00000000f5b00000,0x00000000f5b00000,0x00000000f6c00000)
  from space 3072K, 30% used [0x00000000f6f00000,0x00000000f6fe9350,0x00000000f7200000)
  to   space 3072K, 0% used [0x00000000f6c00000,0x00000000f6c00000,0x00000000f6f00000)
 ParOldGen       total 22016K, used 7494K [0x00000000e1000000, 0x00000000e2580000, 0x00000000f5b00000)
  object space 22016K, 34% used [0x00000000e1000000,0x00000000e1751a18,0x00000000e2580000)
 Metaspace       used 8461K, capacity 8716K, committed 8960K, reserved 1056768K
  class space    used 886K, capacity 984K, committed 1024K, reserved 1048576K
}
Event: 20.752 GC heap before
{Heap before GC invocations=11 (full 0):
 PSYoungGen      total 20480K, used 18340K [0x00000000f5b00000, 0x00000000f7200000, 0x0000000100000000)
  eden space 17408K, 100% used [0x00000000f5b00000,0x00000000f6c00000,0x00000000f6c00000)
  from space 3072K, 30% used [0x00000000f6f00000,0x00000000f6fe9350,0x00000000f7200000)
  to   space 3072K, 0% used [0x00000000f6c00000,0x00000000f6c00000,0x00000000f6f00000)
 ParOldGen       total 22016K, used 7494K [0x00000000e1000000, 0x00000000e2580000, 0x00000000f5b00000)
  object space 22016K, 34% used [0x00000000e1000000,0x00000000e1751a18,0x00000000e2580000)
 Metaspace       used 8465K, capacity 8716K, committed 8960K, reserved 1056768K
  class space    used 886K, capacity 984K, committed 1024K, reserved 1048576K
Event: 20.756 GC heap after
Heap after GC invocations=11 (full 0):
 PSYoungGen      total 17408K, used 128K [0x00000000f5b00000, 0x00000000f7180000, 0x0000000100000000)
  eden space 16896K, 0% used [0x00000000f5b00000,0x00000000f5b00000,0x00000000f6b80000)
  from space 512K, 25% used [0x00000000f6c00000,0x00000000f6c20000,0x00000000f6c80000)
  to   space 3072K, 0% used [0x00000000f6e80000,0x00000000f6e80000,0x00000000f7180000)
 ParOldGen       total 22016K, used 8350K [0x00000000e1000000, 0x00000000e2580000, 0x00000000f5b00000)
  object space 22016K, 37% used [0x00000000e1000000,0x00000000e1827990,0x00000000e2580000)
 Metaspace       used 8465K, capacity 8716K, committed 8960K, reserved 1056768K
  class space    used 886K, capacity 984K, committed 1024K, reserved 1048576K
}
Event: 21.411 GC heap before
{Heap before GC invocations=12 (full 0):
 PSYoungGen      total 17408K, used 17024K [0x00000000f5b00000, 0x00000000f7180000, 0x0000000100000000)
  eden space 16896K, 100% used [0x00000000f5b00000,0x00000000f6b80000,0x00000000f6b80000)
  from space 512K, 25% used [0x00000000f6c00000,0x00000000f6c20000,0x00000000f6c80000)
  to   space 3072K, 0% used [0x00000000f6e80000,0x00000000f6e80000,0x00000000f7180000)
 ParOldGen       total 22016K, used 8350K [0x00000000e1000000, 0x00000000e2580000, 0x00000000f5b00000)
  object space 22016K, 37% used [0x00000000e1000000,0x00000000e1827990,0x00000000e2580000)
 Metaspace       used 8473K, capacity 8716K, committed 8960K, reserved 1056768K
  class space    used 886K, capacity 984K, committed 1024K, reserved 1048576K
Event: 21.413 GC heap after
Heap after GC invocations=12 (full 0):
 PSYoungGen      total 19456K, used 224K [0x00000000f5b00000, 0x00000000f7200000, 0x0000000100000000)
  eden space 16384K, 0% used [0x00000000f5b00000,0x00000000f5b00000,0x00000000f6b00000)
  from space 3072K, 7% used [0x00000000f6e80000,0x00000000f6eb8000,0x00000000f7180000)
  to   space 3584K, 0% used [0x00000000f6b00000,0x00000000f6b00000,0x00000000f6e80000)
 ParOldGen       total 22016K, used 8430K [0x00000000e1000000, 0x00000000e2580000, 0x00000000f5b00000)
  object space 22016K, 38% used [0x00000000e1000000,0x00000000e183b990,0x00000000e2580000)
 Metaspace       used 8473K, capacity 8716K, committed 8960K, reserved 1056768K
  class space    used 886K, capacity 984K, committed 1024K, reserved 1048576K
}
Event: 21.753 GC heap before
{Heap before GC invocations=13 (full 0):
 PSYoungGen      total 19456K, used 16608K [0x00000000f5b00000, 0x00000000f7200000, 0x0000000100000000)
  eden space 16384K, 100% used [0x00000000f5b00000,0x00000000f6b00000,0x00000000f6b00000)
  from space 3072K, 7% used [0x00000000f6e80000,0x00000000f6eb8000,0x00000000f7180000)
  to   space 3584K, 0% used [0x00000000f6b00000,0x00000000f6b00000,0x00000000f6e80000)
 ParOldGen       total 22016K, used 8430K [0x00000000e1000000, 0x00000000e2580000, 0x00000000f5b00000)
  object space 22016K, 38% used [0x00000000e1000000,0x00000000e183b990,0x00000000e2580000)
 Metaspace       used 8630K, capacity 8844K, committed 8960K, reserved 1056768K
  class space    used 889K, capacity 984K, committed 1024K, reserved 1048576K
Event: 21.756 GC heap after
Heap after GC invocations=13 (full 0):
 PSYoungGen      total 16896K, used 519K [0x00000000f5b00000, 0x00000000f7180000, 0x0000000100000000)
  eden space 15872K, 0% used [0x00000000f5b00000,0x00000000f5b00000,0x00000000f6a80000)
  from space 1024K, 50% used [0x00000000f6b00000,0x00000000f6b81e68,0x00000000f6c00000)
  to   space 3584K, 0% used [0x00000000f6e00000,0x00000000f6e00000,0x00000000f7180000)
 ParOldGen       total 22016K, used 8622K [0x00000000e1000000, 0x00000000e2580000, 0x00000000f5b00000)
  object space 22016K, 39% used [0x00000000e1000000,0x00000000e186b990,0x00000000e2580000)
 Metaspace       used 8630K, capacity 8844K, committed 8960K, reserved 1056768K
  class space    used 889K, capacity 984K, committed 1024K, reserved 1048576K
}

