# JRE version: OpenJDK Runtime Environment (8.0_202-b03) (build 1.8.0_202-release-1483-b03)
# Java VM: OpenJDK 64-Bit Server VM (25.202-b03 mixed mode windows-amd64 compressed oops)
Heap:
 PSYoungGen      total 74240K, used 22817K [0x00000000f5b00000, 0x00000000feb00000, 0x0000000100000000)
  eden space 69632K, 29% used [0x00000000f5b00000,0x00000000f6f484d8,0x00000000f9f00000)
  from space 4608K, 44% used [0x00000000f9f00000,0x00000000fa100000,0x00000000fa380000)
  to   space 4096K, 0% used [0x00000000fe700000,0x00000000fe700000,0x00000000feb00000)
 ParOldGen       total 22016K, used 8407K [0x00000000e1000000, 0x00000000e2580000, 0x00000000f5b00000)
  object space 22016K, 38% used [0x00000000e1000000,0x00000000e1835c08,0x00000000e2580000)
 Metaspace       used 8972K, capacity 9196K, committed 9216K, reserved 1056768K
  class space    used 936K, capacity 1016K, committed 1024K, reserved 1048576K
GC Heap History (10 events):
Event: 23.807 GC heap before
{Heap before GC invocations=3 (full 0):
 PSYoungGen      total 18432K, used 18432K [0x00000000f5b00000, 0x00000000f6e00000, 0x0000000100000000)
  eden space 17408K, 100% used [0x00000000f5b00000,0x00000000f6c00000,0x00000000f6c00000)
  from space 1024K, 100% used [0x00000000f6d00000,0x00000000f6e00000,0x00000000f6e00000)
  to   space 1024K, 0% used [0x00000000f6c00000,0x00000000f6c00000,0x00000000f6d00000)
 ParOldGen       total 22016K, used 1163K [0x00000000e1000000, 0x00000000e2580000, 0x00000000f5b00000)
  object space 22016K, 5% used [0x00000000e1000000,0x00000000e1122d50,0x00000000e2580000)
 Metaspace       used 7430K, capacity 7598K, committed 7936K, reserved 1056768K
  class space    used 829K, capacity 911K, committed 1024K, reserved 1048576K
Event: 23.841 GC heap after
Heap after GC invocations=3 (full 0):
 PSYoungGen      total 18432K, used 1024K [0x00000000f5b00000, 0x00000000f7f00000, 0x0000000100000000)
  eden space 17408K, 0% used [0x00000000f5b00000,0x00000000f5b00000,0x00000000f6c00000)
  from space 1024K, 100% used [0x00000000f6c00000,0x00000000f6d00000,0x00000000f6d00000)
  to   space 1024K, 0% used [0x00000000f7e00000,0x00000000f7e00000,0x00000000f7f00000)
 ParOldGen       total 22016K, used 4361K [0x00000000e1000000, 0x00000000e2580000, 0x00000000f5b00000)
  object space 22016K, 19% used [0x00000000e1000000,0x00000000e14426e0,0x00000000e2580000)
 Metaspace       used 7430K, capacity 7598K, committed 7936K, reserved 1056768K
  class space    used 829K, capacity 911K, committed 1024K, reserved 1048576K
}
Event: 32.755 GC heap before
{Heap before GC invocations=4 (full 0):
 PSYoungGen      total 18432K, used 18432K [0x00000000f5b00000, 0x00000000f7f00000, 0x0000000100000000)
  eden space 17408K, 100% used [0x00000000f5b00000,0x00000000f6c00000,0x00000000f6c00000)
  from space 1024K, 100% used [0x00000000f6c00000,0x00000000f6d00000,0x00000000f6d00000)
  to   space 1024K, 0% used [0x00000000f7e00000,0x00000000f7e00000,0x00000000f7f00000)
 ParOldGen       total 22016K, used 4361K [0x00000000e1000000, 0x00000000e2580000, 0x00000000f5b00000)
  object space 22016K, 19% used [0x00000000e1000000,0x00000000e14426e0,0x00000000e2580000)
 Metaspace       used 8098K, capacity 8332K, committed 8448K, reserved 1056768K
  class space    used 888K, capacity 984K, committed 1024K, reserved 1048576K
Event: 32.763 GC heap after
Heap after GC invocations=4 (full 0):
 PSYoungGen      total 35840K, used 1008K [0x00000000f5b00000, 0x00000000f7f00000, 0x0000000100000000)
  eden space 34816K, 0% used [0x00000000f5b00000,0x00000000f5b00000,0x00000000f7d00000)
  from space 1024K, 98% used [0x00000000f7e00000,0x00000000f7efc010,0x00000000f7f00000)
  to   space 1024K, 0% used [0x00000000f7d00000,0x00000000f7d00000,0x00000000f7e00000)
 ParOldGen       total 22016K, used 5661K [0x00000000e1000000, 0x00000000e2580000, 0x00000000f5b00000)
  object space 22016K, 25% used [0x00000000e1000000,0x00000000e1587698,0x00000000e2580000)
 Metaspace       used 8098K, capacity 8332K, committed 8448K, reserved 1056768K
  class space    used 888K, capacity 984K, committed 1024K, reserved 1048576K
}
Event: 38.648 GC heap before
{Heap before GC invocations=5 (full 0):
 PSYoungGen      total 35840K, used 35824K [0x00000000f5b00000, 0x00000000f7f00000, 0x0000000100000000)
  eden space 34816K, 100% used [0x00000000f5b00000,0x00000000f7d00000,0x00000000f7d00000)
  from space 1024K, 98% used [0x00000000f7e00000,0x00000000f7efc010,0x00000000f7f00000)
  to   space 1024K, 0% used [0x00000000f7d00000,0x00000000f7d00000,0x00000000f7e00000)
 ParOldGen       total 22016K, used 5661K [0x00000000e1000000, 0x00000000e2580000, 0x00000000f5b00000)
  object space 22016K, 25% used [0x00000000e1000000,0x00000000e1587698,0x00000000e2580000)
 Metaspace       used 8412K, capacity 8652K, committed 8704K, reserved 1056768K
  class space    used 894K, capacity 984K, committed 1024K, reserved 1048576K
Event: 38.661 GC heap after
Heap after GC invocations=5 (full 0):
 PSYoungGen      total 35840K, used 1024K [0x00000000f5b00000, 0x00000000fa800000, 0x0000000100000000)
  eden space 34816K, 0% used [0x00000000f5b00000,0x00000000f5b00000,0x00000000f7d00000)
  from space 1024K, 100% used [0x00000000f7d00000,0x00000000f7e00000,0x00000000f7e00000)
  to   space 4608K, 0% used [0x00000000fa380000,0x00000000fa380000,0x00000000fa800000)
 ParOldGen       total 22016K, used 7967K [0x00000000e1000000, 0x00000000e2580000, 0x00000000f5b00000)
  object space 22016K, 36% used [0x00000000e1000000,0x00000000e17c7c08,0x00000000e2580000)
 Metaspace       used 8412K, capacity 8652K, committed 8704K, reserved 1056768K
  class space    used 894K, capacity 984K, committed 1024K, reserved 1048576K
}
Event: 40.507 GC heap before
{Heap before GC invocations=6 (full 0):
 PSYoungGen      total 35840K, used 35840K [0x00000000f5b00000, 0x00000000fa800000, 0x0000000100000000)
  eden space 34816K, 100% used [0x00000000f5b00000,0x00000000f7d00000,0x00000000f7d00000)
  from space 1024K, 100% used [0x00000000f7d00000,0x00000000f7e00000,0x00000000f7e00000)
  to   space 4608K, 0% used [0x00000000fa380000,0x00000000fa380000,0x00000000fa800000)
 ParOldGen       total 22016K, used 7967K [0x00000000e1000000, 0x00000000e2580000, 0x00000000f5b00000)
  object space 22016K, 36% used [0x00000000e1000000,0x00000000e17c7c08,0x00000000e2580000)
 Metaspace       used 8572K, capacity 8780K, committed 8960K, reserved 1056768K
  class space    used 897K, capacity 984K, committed 1024K, reserved 1048576K
Event: 40.518 GC heap after
Heap after GC invocations=6 (full 0):
 PSYoungGen      total 74240K, used 1636K [0x00000000f5b00000, 0x00000000fa800000, 0x0000000100000000)
  eden space 69632K, 0% used [0x00000000f5b00000,0x00000000f5b00000,0x00000000f9f00000)
  from space 4608K, 35% used [0x00000000fa380000,0x00000000fa519350,0x00000000fa800000)
  to   space 4608K, 0% used [0x00000000f9f00000,0x00000000f9f00000,0x00000000fa380000)
 ParOldGen       total 22016K, used 7967K [0x00000000e1000000, 0x00000000e2580000, 0x00000000f5b00000)
  object space 22016K, 36% used [0x00000000e1000000,0x00000000e17c7c08,0x00000000e2580000)
 Metaspace       used 8572K, capacity 8780K, committed 8960K, reserved 1056768K
  class space    used 897K, capacity 984K, committed 1024K, reserved 1048576K
}
Event: 44.695 GC heap before
{Heap before GC invocations=7 (full 0):
 PSYoungGen      total 74240K, used 71268K [0x00000000f5b00000, 0x00000000fa800000, 0x0000000100000000)
  eden space 69632K, 100% used [0x00000000f5b00000,0x00000000f9f00000,0x00000000f9f00000)
  from space 4608K, 35% used [0x00000000fa380000,0x00000000fa519350,0x00000000fa800000)
  to   space 4608K, 0% used [0x00000000f9f00000,0x00000000f9f00000,0x00000000fa380000)
 ParOldGen       total 22016K, used 7967K [0x00000000e1000000, 0x00000000e2580000, 0x00000000f5b00000)
  object space 22016K, 36% used [0x00000000e1000000,0x00000000e17c7c08,0x00000000e2580000)
 Metaspace       used 8878K, capacity 9004K, committed 9216K, reserved 1056768K
  class space    used 933K, capacity 1016K, committed 1024K, reserved 1048576K
Event: 44.729 GC heap after
Heap after GC invocations=7 (full 0):
 PSYoungGen      total 74240K, used 2048K [0x00000000f5b00000, 0x00000000feb00000, 0x0000000100000000)
  eden space 69632K, 0% used [0x00000000f5b00000,0x00000000f5b00000,0x00000000f9f00000)
  from space 4608K, 44% used [0x00000000f9f00000,0x00000000fa100000,0x00000000fa380000)
  to   space 4096K, 0% used [0x00000000fe700000,0x00000000fe700000,0x00000000feb00000)
 ParOldGen       total 22016K, used 8407K [0x00000000e1000000, 0x00000000e2580000, 0x00000000f5b00000)
  object space 22016K, 38% used [0x00000000e1000000,0x00000000e1835c08,0x00000000e2580000)
 Metaspace       used 8878K, capacity 9004K, committed 9216K, reserved 1056768K
  class space    used 933K, capacity 1016K, committed 1024K, reserved 1048576K
}

