# JRE version: OpenJDK Runtime Environment (8.0_202-b03) (build 1.8.0_202-release-1483-b03)
# Java VM: OpenJDK 64-Bit Server VM (25.202-b03 mixed mode windows-amd64 compressed oops)
Heap:
 PSYoungGen      total 26112K, used 21811K [0x00000000f5b00000, 0x00000000f7780000, 0x0000000100000000)
  eden space 23040K, 93% used [0x00000000f5b00000,0x00000000f7014c30,0x00000000f7180000)
  from space 3072K, 7% used [0x00000000f7480000,0x00000000f74b8000,0x00000000f7780000)
  to   space 3072K, 0% used [0x00000000f7180000,0x00000000f7180000,0x00000000f7480000)
 ParOldGen       total 22016K, used 8476K [0x00000000e1000000, 0x00000000e2580000, 0x00000000f5b00000)
  object space 22016K, 38% used [0x00000000e1000000,0x00000000e1847160,0x00000000e2580000)
 Metaspace       used 8678K, capacity 8844K, committed 8960K, reserved 1056768K
  class space    used 889K, capacity 984K, committed 1024K, reserved 1048576K
GC Heap History (10 events):
Event: 58.952 GC heap before
{Heap before GC invocations=8 (full 0):
 PSYoungGen      total 11776K, used 10060K [0x00000000f5b00000, 0x00000000f6980000, 0x0000000100000000)
  eden space 8704K, 100% used [0x00000000f5b00000,0x00000000f6380000,0x00000000f6380000)
  from space 3072K, 44% used [0x00000000f6380000,0x00000000f64d3090,0x00000000f6680000)
  to   space 3072K, 0% used [0x00000000f6680000,0x00000000f6680000,0x00000000f6980000)
 ParOldGen       total 22016K, used 5340K [0x00000000e1000000, 0x00000000e2580000, 0x00000000f5b00000)
  object space 22016K, 24% used [0x00000000e1000000,0x00000000e1537110,0x00000000e2580000)
 Metaspace       used 8268K, capacity 8524K, committed 8704K, reserved 1056768K
  class space    used 883K, capacity 984K, committed 1024K, reserved 1048576K
Event: 58.958 GC heap after
Heap after GC invocations=8 (full 0):
 PSYoungGen      total 11776K, used 1725K [0x00000000f5b00000, 0x00000000f7200000, 0x0000000100000000)
  eden space 8704K, 0% used [0x00000000f5b00000,0x00000000f5b00000,0x00000000f6380000)
  from space 3072K, 56% used [0x00000000f6680000,0x00000000f682f550,0x00000000f6980000)
  to   space 3072K, 0% used [0x00000000f6380000,0x00000000f6380000,0x00000000f6680000)
 ParOldGen       total 22016K, used 5600K [0x00000000e1000000, 0x00000000e2580000, 0x00000000f5b00000)
  object space 22016K, 25% used [0x00000000e1000000,0x00000000e1578120,0x00000000e2580000)
 Metaspace       used 8268K, capacity 8524K, committed 8704K, reserved 1056768K
  class space    used 883K, capacity 984K, committed 1024K, reserved 1048576K
}
Event: 59.253 GC heap before
{Heap before GC invocations=9 (full 0):
 PSYoungGen      total 11776K, used 10429K [0x00000000f5b00000, 0x00000000f7200000, 0x0000000100000000)
  eden space 8704K, 100% used [0x00000000f5b00000,0x00000000f6380000,0x00000000f6380000)
  from space 3072K, 56% used [0x00000000f6680000,0x00000000f682f550,0x00000000f6980000)
  to   space 3072K, 0% used [0x00000000f6380000,0x00000000f6380000,0x00000000f6680000)
 ParOldGen       total 22016K, used 5600K [0x00000000e1000000, 0x00000000e2580000, 0x00000000f5b00000)
  object space 22016K, 25% used [0x00000000e1000000,0x00000000e1578120,0x00000000e2580000)
 Metaspace       used 8310K, capacity 8588K, committed 8704K, reserved 1056768K
  class space    used 883K, capacity 984K, committed 1024K, reserved 1048576K
Event: 59.263 GC heap after
Heap after GC invocations=9 (full 0):
 PSYoungGen      total 11776K, used 1683K [0x00000000f5b00000, 0x00000000f6f00000, 0x0000000100000000)
  eden space 8704K, 0% used [0x00000000f5b00000,0x00000000f5b00000,0x00000000f6380000)
  from space 3072K, 54% used [0x00000000f6380000,0x00000000f6524c20,0x00000000f6680000)
  to   space 3072K, 0% used [0x00000000f6c00000,0x00000000f6c00000,0x00000000f6f00000)
 ParOldGen       total 22016K, used 6120K [0x00000000e1000000, 0x00000000e2580000, 0x00000000f5b00000)
  object space 22016K, 27% used [0x00000000e1000000,0x00000000e15fa150,0x00000000e2580000)
 Metaspace       used 8310K, capacity 8588K, committed 8704K, reserved 1056768K
  class space    used 883K, capacity 984K, committed 1024K, reserved 1048576K
}
Event: 59.534 GC heap before
{Heap before GC invocations=10 (full 0):
 PSYoungGen      total 11776K, used 10387K [0x00000000f5b00000, 0x00000000f6f00000, 0x0000000100000000)
  eden space 8704K, 100% used [0x00000000f5b00000,0x00000000f6380000,0x00000000f6380000)
  from space 3072K, 54% used [0x00000000f6380000,0x00000000f6524c20,0x00000000f6680000)
  to   space 3072K, 0% used [0x00000000f6c00000,0x00000000f6c00000,0x00000000f6f00000)
 ParOldGen       total 22016K, used 6120K [0x00000000e1000000, 0x00000000e2580000, 0x00000000f5b00000)
  object space 22016K, 27% used [0x00000000e1000000,0x00000000e15fa150,0x00000000e2580000)
 Metaspace       used 8346K, capacity 8588K, committed 8704K, reserved 1056768K
  class space    used 883K, capacity 984K, committed 1024K, reserved 1048576K
Event: 59.550 GC heap after
Heap after GC invocations=10 (full 0):
 PSYoungGen      total 17408K, used 800K [0x00000000f5b00000, 0x00000000f6f00000, 0x0000000100000000)
  eden space 14336K, 0% used [0x00000000f5b00000,0x00000000f5b00000,0x00000000f6900000)
  from space 3072K, 26% used [0x00000000f6c00000,0x00000000f6cc8000,0x00000000f6f00000)
  to   space 3072K, 0% used [0x00000000f6900000,0x00000000f6900000,0x00000000f6c00000)
 ParOldGen       total 22016K, used 7133K [0x00000000e1000000, 0x00000000e2580000, 0x00000000f5b00000)
  object space 22016K, 32% used [0x00000000e1000000,0x00000000e16f75b0,0x00000000e2580000)
 Metaspace       used 8346K, capacity 8588K, committed 8704K, reserved 1056768K
  class space    used 883K, capacity 984K, committed 1024K, reserved 1048576K
}
Event: 60.174 GC heap before
{Heap before GC invocations=11 (full 0):
 PSYoungGen      total 17408K, used 15136K [0x00000000f5b00000, 0x00000000f6f00000, 0x0000000100000000)
  eden space 14336K, 100% used [0x00000000f5b00000,0x00000000f6900000,0x00000000f6900000)
  from space 3072K, 26% used [0x00000000f6c00000,0x00000000f6cc8000,0x00000000f6f00000)
  to   space 3072K, 0% used [0x00000000f6900000,0x00000000f6900000,0x00000000f6c00000)
 ParOldGen       total 22016K, used 7133K [0x00000000e1000000, 0x00000000e2580000, 0x00000000f5b00000)
  object space 22016K, 32% used [0x00000000e1000000,0x00000000e16f75b0,0x00000000e2580000)
 Metaspace       used 8484K, capacity 8716K, committed 8960K, reserved 1056768K
  class space    used 886K, capacity 984K, committed 1024K, reserved 1048576K
Event: 60.180 GC heap after
Heap after GC invocations=11 (full 0):
 PSYoungGen      total 17408K, used 516K [0x00000000f5b00000, 0x00000000f6f00000, 0x0000000100000000)
  eden space 14336K, 0% used [0x00000000f5b00000,0x00000000f5b00000,0x00000000f6900000)
  from space 3072K, 16% used [0x00000000f6900000,0x00000000f6981350,0x00000000f6c00000)
  to   space 3072K, 0% used [0x00000000f6c00000,0x00000000f6c00000,0x00000000f6f00000)
 ParOldGen       total 22016K, used 7833K [0x00000000e1000000, 0x00000000e2580000, 0x00000000f5b00000)
  object space 22016K, 35% used [0x00000000e1000000,0x00000000e17a67d0,0x00000000e2580000)
 Metaspace       used 8484K, capacity 8716K, committed 8960K, reserved 1056768K
  class space    used 886K, capacity 984K, committed 1024K, reserved 1048576K
}
Event: 60.612 GC heap before
{Heap before GC invocations=12 (full 0):
 PSYoungGen      total 17408K, used 14852K [0x00000000f5b00000, 0x00000000f6f00000, 0x0000000100000000)
  eden space 14336K, 100% used [0x00000000f5b00000,0x00000000f6900000,0x00000000f6900000)
  from space 3072K, 16% used [0x00000000f6900000,0x00000000f6981350,0x00000000f6c00000)
  to   space 3072K, 0% used [0x00000000f6c00000,0x00000000f6c00000,0x00000000f6f00000)
 ParOldGen       total 22016K, used 7833K [0x00000000e1000000, 0x00000000e2580000, 0x00000000f5b00000)
  object space 22016K, 35% used [0x00000000e1000000,0x00000000e17a67d0,0x00000000e2580000)
 Metaspace       used 8494K, capacity 8716K, committed 8960K, reserved 1056768K
  class space    used 886K, capacity 984K, committed 1024K, reserved 1048576K
Event: 60.615 GC heap after
Heap after GC invocations=12 (full 0):
 PSYoungGen      total 17408K, used 96K [0x00000000f5b00000, 0x00000000f7780000, 0x0000000100000000)
  eden space 14336K, 0% used [0x00000000f5b00000,0x00000000f5b00000,0x00000000f6900000)
  from space 3072K, 3% used [0x00000000f6c00000,0x00000000f6c18000,0x00000000f6f00000)
  to   space 3072K, 0% used [0x00000000f6900000,0x00000000f6900000,0x00000000f6c00000)
 ParOldGen       total 22016K, used 8276K [0x00000000e1000000, 0x00000000e2580000, 0x00000000f5b00000)
  object space 22016K, 37% used [0x00000000e1000000,0x00000000e1815160,0x00000000e2580000)
 Metaspace       used 8494K, capacity 8716K, committed 8960K, reserved 1056768K
  class space    used 886K, capacity 984K, committed 1024K, reserved 1048576K
}

